Using pre-set license
Built from '2021.1/staging' branch; Version is '2021.1.5f1 (3737af19df53) revision 3618735'; Using compiler version '192528614'; Build Type 'Release'
OS: 'Windows 10 Enterprise; OS build 19045.2965; Version 2009; 64bit' Language: 'ko' Physical Memory: 16098 MB
BatchMode: 1, IsHumanControllingUs: 0, StartBugReporterOnCrash: 0, Is64bit: 1, IsPro: 0

 COMMAND LINE ARGUMENTS:
C:\Program Files\Unity\Hub\Editor\2021.1.5f1\Editor\Unity.exe
-adb2
-batchMode
-noUpm
-name
AssetImportWorker0
-projectPath
C:/Users/samsung/Desktop/DT교육/SamSungSHI_DT/5월/Unity/SpaceShooter
-logFile
Logs/AssetImportWorker0.log
-srvPort
59117
Successfully changed project path to: C:/Users/samsung/Desktop/DT교육/SamSungSHI_DT/5월/Unity/SpaceShooter
C:/Users/samsung/Desktop/DT교육/SamSungSHI_DT/5월/Unity/SpaceShooter
Using Asset Import Pipeline V2.
Refreshing native plugins compatible for Editor in 104.78 ms, found 1 plugins.
Preloading 0 native plugins for Editor in 0.00 ms.
Initialize engine version: 2021.1.5f1 (3737af19df53)
[Subsystems] Discovering subsystems at path C:/Program Files/Unity/Hub/Editor/2021.1.5f1/Editor/Data/Resources/UnitySubsystems
[Subsystems] Discovering subsystems at path C:/Users/samsung/Desktop/DT교육/SamSungSHI_DT/5월/Unity/SpaceShooter/Assets
GfxDevice: creating device client; threaded=0; jobified=0
Direct3D:
    Version:  Direct3D 11.0 [level 11.1]
    Renderer: Intel(R) UHD Graphics 770 (ID=0x4680)
    Vendor:   Intel
    VRAM:     8049 MB
    Driver:   30.0.101.1404
Initialize mono
Mono path[0] = 'C:/Program Files/Unity/Hub/Editor/2021.1.5f1/Editor/Data/Managed'
Mono path[1] = 'C:/Program Files/Unity/Hub/Editor/2021.1.5f1/Editor/Data/MonoBleedingEdge/lib/mono/unityjit'
Mono config path = 'C:/Program Files/Unity/Hub/Editor/2021.1.5f1/Editor/Data/MonoBleedingEdge/etc'
Using monoOptions --debugger-agent=transport=dt_socket,embedding=1,server=y,suspend=n,address=127.0.0.1:56496
Begin MonoManager ReloadAssembly
Registering precompiled unity dll's ...
Register platform support module: C:/Program Files/Unity/Hub/Editor/2021.1.5f1/Editor/Data/PlaybackEngines/WindowsStandaloneSupport/UnityEditor.WindowsStandalone.Extensions.dll
Registered in 0.004302 seconds.
Native extension for WindowsStandalone target not found
Refreshing native plugins compatible for Editor in 89.36 ms, found 1 plugins.
Preloading 0 native plugins for Editor in 0.00 ms.
Mono: successfully reloaded assembly
- Completed reload, in  1.667 seconds
Platform modules already initialized, skipping
Registering precompiled user dll's ...
Registered in 0.010865 seconds.
Begin MonoManager ReloadAssembly
Native extension for WindowsStandalone target not found
Refreshing native plugins compatible for Editor in 0.55 ms, found 1 plugins.
Preloading 0 native plugins for Editor in 0.00 ms.
Mono: successfully reloaded assembly
- Completed reload, in  1.268 seconds
Platform modules already initialized, skipping
========================================================================
Worker process is ready to serve import requests
Launched and connected shader compiler UnityShaderCompiler.exe after 0.05 seconds
Refreshing native plugins compatible for Editor in 0.33 ms, found 1 plugins.
Preloading 0 native plugins for Editor in 0.00 ms.
Unloading 2666 Unused Serialized files (Serialized files now loaded: 0)
System memory in use before: 100.2 MB.
System memory in use after: 100.3 MB.

Unloading 15 unused Assets to reduce memory usage. Loaded Objects now: 3124.
Total: 1.525100 ms (FindLiveObjects: 0.176100 ms CreateObjectMapping: 0.064000 ms MarkObjects: 1.223000 ms  DeleteObjects: 0.061200 ms)

========================================================================
Received Import Request.
  path: Assets/PlayerCtrl.cs
  artifactKey: Guid(82d58432105d2a04bba8be4241608ab4) Importer(815301076,1909f56bfc062723c751e8b465ee728b)
Start importing Assets/PlayerCtrl.cs using Guid(82d58432105d2a04bba8be4241608ab4) Importer(815301076,1909f56bfc062723c751e8b465ee728b)  -> (artifact id: '7d9f7d371832fb7f66e66db769095c24') in 0.032073 seconds 
========================================================================
Received Import Request.
  Time since last request: 1301.234458 seconds.
  path: Assets/01.Scenes/Play.unity
  artifactKey: Guid(9fc0d4010bbf28b4594072e72b8655ab) Importer(2089858483,934ff659095e30574adcf32a4c2f97b5)
Start importing Assets/01.Scenes/Play.unity using Guid(9fc0d4010bbf28b4594072e72b8655ab) Importer(2089858483,934ff659095e30574adcf32a4c2f97b5)  -> (artifact id: 'f9073a99abbf83bd930f9f0a94459168') in 0.094660 seconds 
========================================================================
Received Import Request.
  Time since last request: 0.000337 seconds.
  path: Assets/PlayerCtrl.cs
  artifactKey: Guid(82d58432105d2a04bba8be4241608ab4) Importer(2089858483,934ff659095e30574adcf32a4c2f97b5)
Start importing Assets/PlayerCtrl.cs using Guid(82d58432105d2a04bba8be4241608ab4) Importer(2089858483,934ff659095e30574adcf32a4c2f97b5)  -> (artifact id: '8c7e32935b34a3f1cb243960cf56e38b') in 0.024226 seconds 
========================================================================
Received Import Request.
  Time since last request: 117.989560 seconds.
  path: Assets/04.Images/YughuesFreeMetalMaterials/Materials/M_YFMM_21.mat
  artifactKey: Guid(d690ce46b58f6704caed1ffbff694459) Importer(815301076,1909f56bfc062723c751e8b465ee728b)
Start importing Assets/04.Images/YughuesFreeMetalMaterials/Materials/M_YFMM_21.mat using Guid(d690ce46b58f6704caed1ffbff694459) Importer(815301076,1909f56bfc062723c751e8b465ee728b)  -> (artifact id: '6931d62fba2797eb3a3d4d8111c4098c') in 0.228906 seconds 
========================================================================
Received Import Request.
  Time since last request: 1.407768 seconds.
  path: Assets/04.Images/YughuesFreeMetalMaterials/Materials/M_YFMM_23.mat
  artifactKey: Guid(294b00804ed584d4ab6b6ea04153afdb) Importer(815301076,1909f56bfc062723c751e8b465ee728b)
Start importing Assets/04.Images/YughuesFreeMetalMaterials/Materials/M_YFMM_23.mat using Guid(294b00804ed584d4ab6b6ea04153afdb) Importer(815301076,1909f56bfc062723c751e8b465ee728b)  -> (artifact id: 'd7e0a2f83cf9f10bc54bd9eddf1bf253') in 0.062930 seconds 
========================================================================
Received Import Request.
  Time since last request: 15.548205 seconds.
  path: Assets/01.Scenes/Play.unity
  artifactKey: Guid(9fc0d4010bbf28b4594072e72b8655ab) Importer(815301076,1909f56bfc062723c751e8b465ee728b)
Start importing Assets/01.Scenes/Play.unity using Guid(9fc0d4010bbf28b4594072e72b8655ab) Importer(815301076,1909f56bfc062723c751e8b465ee728b)  -> (artifact id: 'dc56404964f103f299e5227aecff6c91') in 0.014632 seconds 
========================================================================
Received Import Request.
  Time since last request: 7.394423 seconds.
  path: Assets/01.Scenes
  artifactKey: Guid(c1b95368c0724f345a70e4b1b1c903ee) Importer(815301076,1909f56bfc062723c751e8b465ee728b)
Start importing Assets/01.Scenes using Guid(c1b95368c0724f345a70e4b1b1c903ee) Importer(815301076,1909f56bfc062723c751e8b465ee728b)  -> (artifact id: 'f7ca579d8f158244f14d4969346630a9') in 0.013917 seconds 
========================================================================
Received Import Request.
  Time since last request: 343.214526 seconds.
  path: Assets/PlayerCtrl.cs
  artifactKey: Guid(82d58432105d2a04bba8be4241608ab4) Importer(2089858483,934ff659095e30574adcf32a4c2f97b5)
Start importing Assets/PlayerCtrl.cs using Guid(82d58432105d2a04bba8be4241608ab4) Importer(2089858483,934ff659095e30574adcf32a4c2f97b5)  -> (artifact id: '55214f31af9e9c1a6f6febb56fb060dc') in 0.025862 seconds 
========================================================================
Received Prepare
Registering precompiled user dll's ...
Registered in 0.059251 seconds.
Begin MonoManager ReloadAssembly
Native extension for WindowsStandalone target not found
Refreshing native plugins compatible for Editor in 0.67 ms, found 1 plugins.
Preloading 0 native plugins for Editor in 0.00 ms.
Mono: successfully reloaded assembly
- Completed reload, in  1.426 seconds
Platform modules already initialized, skipping
Refreshing native plugins compatible for Editor in 0.68 ms, found 1 plugins.
Preloading 0 native plugins for Editor in 0.00 ms.
Unloading 2661 Unused Serialized files (Serialized files now loaded: 0)
System memory in use before: 104.0 MB.
System memory in use after: 104.2 MB.

Unloading 10 unused Assets to reduce memory usage. Loaded Objects now: 3167.
Total: 3.710700 ms (FindLiveObjects: 0.671700 ms CreateObjectMapping: 0.107500 ms MarkObjects: 2.849600 ms  DeleteObjects: 0.078400 ms)

========================================================================
Received Prepare
Registering precompiled user dll's ...
Registered in 0.005290 seconds.
Begin MonoManager ReloadAssembly
Native extension for WindowsStandalone target not found
Refreshing native plugins compatible for Editor in 0.55 ms, found 1 plugins.
Preloading 0 native plugins for Editor in 0.00 ms.
Mono: successfully reloaded assembly
- Completed reload, in  1.090 seconds
Platform modules already initialized, skipping
Refreshing native plugins compatible for Editor in 0.67 ms, found 1 plugins.
Preloading 0 native plugins for Editor in 0.00 ms.
Unloading 2661 Unused Serialized files (Serialized files now loaded: 0)
System memory in use before: 104.0 MB.
System memory in use after: 104.2 MB.

Unloading 10 unused Assets to reduce memory usage. Loaded Objects now: 3170.
Total: 2.741200 ms (FindLiveObjects: 0.530500 ms CreateObjectMapping: 0.113100 ms MarkObjects: 2.020000 ms  DeleteObjects: 0.075500 ms)

========================================================================
Received Import Request.
  Time since last request: 367.455048 seconds.
  path: Assets/PlayerCtrl.cs
  artifactKey: Guid(82d58432105d2a04bba8be4241608ab4) Importer(815301076,1909f56bfc062723c751e8b465ee728b)
Start importing Assets/PlayerCtrl.cs using Guid(82d58432105d2a04bba8be4241608ab4) Importer(815301076,1909f56bfc062723c751e8b465ee728b)  -> (artifact id: 'a8091677986f7b334468249bdfb11fff') in 0.009114 seconds 
========================================================================
Received Prepare
Registering precompiled user dll's ...
Registered in 0.006996 seconds.
Begin MonoManager ReloadAssembly
Native extension for WindowsStandalone target not found
Refreshing native plugins compatible for Editor in 0.61 ms, found 1 plugins.
Preloading 0 native plugins for Editor in 0.00 ms.
Mono: successfully reloaded assembly
- Completed reload, in  1.279 seconds
Platform modules already initialized, skipping
Refreshing native plugins compatible for Editor in 1.10 ms, found 1 plugins.
Preloading 0 native plugins for Editor in 0.00 ms.
Unloading 2661 Unused Serialized files (Serialized files now loaded: 0)
System memory in use before: 104.1 MB.
System memory in use after: 104.3 MB.

Unloading 10 unused Assets to reduce memory usage. Loaded Objects now: 3173.
Total: 2.587300 ms (FindLiveObjects: 0.769500 ms CreateObjectMapping: 0.101500 ms MarkObjects: 1.651900 ms  DeleteObjects: 0.059500 ms)

========================================================================
Received Prepare
Registering precompiled user dll's ...
Registered in 0.009149 seconds.
Begin MonoManager ReloadAssembly
Native extension for WindowsStandalone target not found
Refreshing native plugins compatible for Editor in 0.86 ms, found 1 plugins.
Preloading 0 native plugins for Editor in 0.00 ms.
Mono: successfully reloaded assembly
- Completed reload, in  1.226 seconds
Platform modules already initialized, skipping
Refreshing native plugins compatible for Editor in 0.66 ms, found 1 plugins.
Preloading 0 native plugins for Editor in 0.00 ms.
Unloading 2661 Unused Serialized files (Serialized files now loaded: 0)
System memory in use before: 104.1 MB.
System memory in use after: 104.3 MB.

Unloading 10 unused Assets to reduce memory usage. Loaded Objects now: 3176.
Total: 2.369200 ms (FindLiveObjects: 0.490700 ms CreateObjectMapping: 0.084200 ms MarkObjects: 1.737600 ms  DeleteObjects: 0.055100 ms)

========================================================================
Received Prepare
Registering precompiled user dll's ...
Registered in 0.011036 seconds.
Begin MonoManager ReloadAssembly
Native extension for WindowsStandalone target not found
Refreshing native plugins compatible for Editor in 1.90 ms, found 1 plugins.
Preloading 0 native plugins for Editor in 0.00 ms.
Mono: successfully reloaded assembly
- Completed reload, in  1.812 seconds
Platform modules already initialized, skipping
Refreshing native plugins compatible for Editor in 1.29 ms, found 1 plugins.
Preloading 0 native plugins for Editor in 0.00 ms.
Unloading 2661 Unused Serialized files (Serialized files now loaded: 0)
System memory in use before: 104.1 MB.
System memory in use after: 104.3 MB.

Unloading 10 unused Assets to reduce memory usage. Loaded Objects now: 3179.
Total: 5.470400 ms (FindLiveObjects: 0.801500 ms CreateObjectMapping: 0.133300 ms MarkObjects: 4.412500 ms  DeleteObjects: 0.120400 ms)

========================================================================
Received Prepare
Registering precompiled user dll's ...
Registered in 0.031233 seconds.
Begin MonoManager ReloadAssembly
Native extension for WindowsStandalone target not found
Refreshing native plugins compatible for Editor in 2.43 ms, found 1 plugins.
Preloading 0 native plugins for Editor in 0.00 ms.
Mono: successfully reloaded assembly
- Completed reload, in  1.892 seconds
Platform modules already initialized, skipping
Refreshing native plugins compatible for Editor in 1.86 ms, found 1 plugins.
Preloading 0 native plugins for Editor in 0.00 ms.
Unloading 2661 Unused Serialized files (Serialized files now loaded: 0)
System memory in use before: 104.1 MB.
System memory in use after: 104.3 MB.

Unloading 10 unused Assets to reduce memory usage. Loaded Objects now: 3182.
Total: 6.531300 ms (FindLiveObjects: 1.560000 ms CreateObjectMapping: 0.144500 ms MarkObjects: 4.576500 ms  DeleteObjects: 0.236500 ms)

========================================================================
Received Prepare
Registering precompiled user dll's ...
Registered in 0.023051 seconds.
Begin MonoManager ReloadAssembly
Native extension for WindowsStandalone target not found
Refreshing native plugins compatible for Editor in 0.90 ms, found 1 plugins.
Preloading 0 native plugins for Editor in 0.00 ms.
Mono: successfully reloaded assembly
- Completed reload, in  1.254 seconds
Platform modules already initialized, skipping
Refreshing native plugins compatible for Editor in 0.93 ms, found 1 plugins.
Preloading 0 native plugins for Editor in 0.00 ms.
Unloading 2661 Unused Serialized files (Serialized files now loaded: 0)
System memory in use before: 104.1 MB.
System memory in use after: 104.3 MB.

Unloading 10 unused Assets to reduce memory usage. Loaded Objects now: 3185.
Total: 2.800300 ms (FindLiveObjects: 0.909000 ms CreateObjectMapping: 0.105000 ms MarkObjects: 1.710000 ms  DeleteObjects: 0.075100 ms)

AssetImportWorkerClient::OnTransportError - code=2 error=End of file
